{"numTotalTestSuites":6,"numPassedTestSuites":6,"numFailedTestSuites":0,"numPendingTestSuites":0,"numTotalTests":10,"numPassedTests":0,"numFailedTests":0,"numPendingTests":10,"numTodoTests":0,"snapshot":{"added":0,"failure":false,"filesAdded":0,"filesRemoved":0,"filesRemovedList":[],"filesUnmatched":0,"filesUpdated":0,"matched":0,"total":0,"unchecked":0,"uncheckedKeysByFile":[],"unmatched":0,"updated":0,"didUpdate":false},"startTime":1764670355909,"success":true,"testResults":[{"assertionResults":[{"ancestorTitles":["Performance and Memory Leak Tests","Memory Leak Detection"],"fullName":"Performance and Memory Leak Tests Memory Leak Detection should not leak memory with frequent signal updates","status":"skipped","title":"should not leak memory with frequent signal updates","failureMessages":[],"location":{"line":51,"column":5},"meta":{}},{"ancestorTitles":["Performance and Memory Leak Tests","Memory Leak Detection"],"fullName":"Performance and Memory Leak Tests Memory Leak Detection should not leak memory with event listeners","status":"skipped","title":"should not leak memory with event listeners","failureMessages":[],"location":{"line":87,"column":5},"meta":{}},{"ancestorTitles":["Performance and Memory Leak Tests","Memory Leak Detection"],"fullName":"Performance and Memory Leak Tests Memory Leak Detection should not leak memory with timers and intervals","status":"skipped","title":"should not leak memory with timers and intervals","failureMessages":[],"location":{"line":129,"column":5},"meta":{}},{"ancestorTitles":["Performance and Memory Leak Tests","Performance with Large Datasets"],"fullName":"Performance and Memory Leak Tests Performance with Large Datasets should handle large datasets efficiently","status":"skipped","title":"should handle large datasets efficiently","failureMessages":[],"location":{"line":169,"column":5},"meta":{}},{"ancestorTitles":["Performance and Memory Leak Tests","Performance with Large Datasets"],"fullName":"Performance and Memory Leak Tests Performance with Large Datasets should handle rapid updates efficiently","status":"skipped","title":"should handle rapid updates efficiently","failureMessages":[],"location":{"line":233,"column":5},"meta":{}},{"ancestorTitles":["Performance and Memory Leak Tests","Performance with Large Datasets"],"fullName":"Performance and Memory Leak Tests Performance with Large Datasets should handle concurrent updates without performance degradation","status":"skipped","title":"should handle concurrent updates without performance degradation","failureMessages":[],"location":{"line":266,"column":5},"meta":{}},{"ancestorTitles":["Performance and Memory Leak Tests","Resource Management"],"fullName":"Performance and Memory Leak Tests Resource Management should properly cleanup resources on unmount","status":"skipped","title":"should properly cleanup resources on unmount","failureMessages":[],"location":{"line":322,"column":5},"meta":{}},{"ancestorTitles":["Performance and Memory Leak Tests","Resource Management"],"fullName":"Performance and Memory Leak Tests Resource Management should handle cleanup errors gracefully","status":"skipped","title":"should handle cleanup errors gracefully","failureMessages":[],"location":{"line":363,"column":5},"meta":{}},{"ancestorTitles":["Performance and Memory Leak Tests","Store Performance"],"fullName":"Performance and Memory Leak Tests Store Performance should handle store updates efficiently","status":"skipped","title":"should handle store updates efficiently","failureMessages":[],"location":{"line":399,"column":5},"meta":{}},{"ancestorTitles":["Performance and Memory Leak Tests","Store Performance"],"fullName":"Performance and Memory Leak Tests Store Performance should handle store signal updates without cascading effects","status":"skipped","title":"should handle store signal updates without cascading effects","failureMessages":[],"location":{"line":449,"column":5},"meta":{}}],"startTime":1764670355909,"endTime":1764670355909,"status":"passed","message":"","name":"C:/MyGit/Hunico/frontend/__tests__/integration/solidjs/performanceAndMemory.test.ts"}]}